<?xml version="1.0" encoding="UTF-8"?>
<!-- Generated by org.testng.reporters.JUnitXMLReporter -->
<testsuite ignored="0" hostname="Kaviya" failures="0" tests="3" name="Test" time="6.317" errors="0" timestamp="26 Nov 2023 17:02:12 GMT">
  <testcase classname="testcases.LoginTest" name="LoginFailiureTest" time="0.245"/>
  <testcase classname="testcases.LoginTest" name="LoginSuccessTest" time="0.518"/>
  <testcase classname="testcases.AddToCartTest" name="AddOneProductTest" time="0.564"/>
</testsuite> <!-- Test -->
