<?xml version="1.0" encoding="UTF-8"?>
<testng-results ignored="0" total="1" passed="1" failed="0" skipped="0">
  <reporter-output>
  </reporter-output>
  <suite started-at="2023-11-26T17:09:38Z" name="Default suite" finished-at="2023-11-26T17:09:41Z" duration-ms="2813">
    <groups>
    </groups>
    <test started-at="2023-11-26T17:09:38Z" name="Default test" finished-at="2023-11-26T17:09:41Z" duration-ms="2813">
      <class name="testcases.AddToCartTest">
        <test-method is-config="true" signature="SetUp()[pri:0, instance:testcases.AddToCartTest@1efe439d]" started-at="2023-11-26T17:09:38Z" name="SetUp" finished-at="2023-11-26T17:09:40Z" duration-ms="1765" status="PASS">
          <reporter-output>
          </reporter-output>
        </test-method> <!-- SetUp -->
        <test-method signature="AddOneProductTest()[pri:0, instance:testcases.AddToCartTest@1efe439d]" started-at="2023-11-26T17:09:40Z" name="AddOneProductTest" finished-at="2023-11-26T17:09:41Z" duration-ms="1034" status="PASS">
          <reporter-output>
          </reporter-output>
        </test-method> <!-- AddOneProductTest -->
        <test-method is-config="true" signature="TearDown()[pri:0, instance:testcases.AddToCartTest@1efe439d]" started-at="2023-11-26T17:09:41Z" name="TearDown" finished-at="2023-11-26T17:09:41Z" duration-ms="0" status="PASS">
          <reporter-output>
          </reporter-output>
        </test-method> <!-- TearDown -->
      </class> <!-- testcases.AddToCartTest -->
    </test> <!-- Default test -->
  </suite> <!-- Default suite -->
</testng-results>
